05:06:2024 48:37:05 [34mINFO [0;39m [33mo.c.u.UserServiceApplication[0;39m - Starting UserServiceApplication using Java 21.0.3 with PID 4452 (C:\Users\aldon\OneDrive\Desktop\ProgettoEnterprise\Caesarzon_BackEnd\User-Service\target\classes started by aldon in C:\Users\aldon\OneDrive\Desktop\ProgettoEnterprise\Caesarzon_BackEnd) 
05:06:2024 48:37:05 [34mDEBUG[0;39m [33mo.c.u.UserServiceApplication[0;39m - Running with Spring Boot v3.2.5, Spring v6.1.6 
05:06:2024 48:37:05 [34mINFO [0;39m [33mo.c.u.UserServiceApplication[0;39m - No active profile set, falling back to 1 default profile: "default" 
05:06:2024 59:37:05 [34mINFO [0;39m [33mo.c.u.UserServiceApplication[0;39m - Started UserServiceApplication in 13.33 seconds (process running for 14.579) 
05:06:2024 59:37:05 [34mDEBUG[0;39m [33mo.c.u.UserServiceApplication[0;39m - UserServiceApplication started 
05:06:2024 33:44:05 [34mDEBUG[0;39m [33mo.c.u.D.D.K.UserRepositoryImpl[0;39m - 324324324 
05:06:2024 27:46:05 [34mDEBUG[0;39m [33mo.c.u.D.D.K.UserRepositoryImpl[0;39m - 324324324 
05:06:2024 25:47:05 [34mDEBUG[0;39m [33mo.c.u.D.D.K.UserRepositoryImpl[0;39m - 324324324 
05:06:2024 09:48:05 [34mDEBUG[0;39m [33mo.c.u.D.D.K.UserRepositoryImpl[0;39m - 324324324 
05:06:2024 22:48:05 [34mDEBUG[0;39m [33mo.c.u.D.D.K.UserRepositoryImpl[0;39m - 324324324 
05:06:2024 49:49:05 [34mDEBUG[0;39m [33mo.c.u.D.D.K.UserRepositoryImpl[0;39m - 324324324 
05:06:2024 55:49:05 [34mDEBUG[0;39m [33mo.c.u.D.D.K.UserRepositoryImpl[0;39m - 324324324 
05:06:2024 16:50:05 [34mDEBUG[0;39m [33mo.c.u.Controller.UserController[0;39m - Dati in ingresso alduzzo Aldoddasdasd 
05:06:2024 16:50:05 [34mDEBUG[0;39m [33mo.c.u.D.S.Impl.UserServiceImpl[0;39m - Dentro il updateUser prima della convalida 
05:06:2024 16:50:05 [34mDEBUG[0;39m [33mo.c.u.D.D.K.UserRepositoryImpl[0;39m - 324324324 
05:06:2024 24:50:05 [34mDEBUG[0;39m [33mo.c.u.D.D.K.UserRepositoryImpl[0;39m - 324324324 
05:06:2024 27:50:05 [34mDEBUG[0;39m [33mo.c.u.Controller.UserController[0;39m - Dati in ingresso alduzzo Aldoddasdasd 
05:06:2024 27:50:05 [34mDEBUG[0;39m [33mo.c.u.D.S.Impl.UserServiceImpl[0;39m - Dentro il updateUser prima della convalida 
05:06:2024 27:50:05 [34mDEBUG[0;39m [33mo.c.u.D.D.K.UserRepositoryImpl[0;39m - 324324324 
05:06:2024 07:52:05 [34mDEBUG[0;39m [33mo.c.u.D.D.K.UserRepositoryImpl[0;39m - 324324324 
05:06:2024 15:52:05 [34mDEBUG[0;39m [33mo.c.u.D.D.K.UserRepositoryImpl[0;39m - 324324324 
05:06:2024 42:52:05 [34mDEBUG[0;39m [33mo.c.u.D.D.K.UserRepositoryImpl[0;39m - 324324324 
05:06:2024 46:52:05 [34mDEBUG[0;39m [33mo.c.u.D.D.K.UserRepositoryImpl[0;39m - 324324324 
05:06:2024 27:54:05 [34mDEBUG[0;39m [33mo.c.u.Controller.UserController[0;39m - Dati in ingresso alduzzo Aldoddasdasd 
05:06:2024 27:54:05 [34mDEBUG[0;39m [33mo.c.u.D.S.Impl.UserServiceImpl[0;39m - Dentro il updateUser prima della convalida 
05:06:2024 31:07:06 [34mDEBUG[0;39m [33mo.c.u.Controller.UserController[0;39m - Dati in ingresso alduzzo Aldoddasdasd 
05:06:2024 31:07:06 [34mDEBUG[0;39m [33mo.c.u.D.S.Impl.UserServiceImpl[0;39m - Dentro il updateUser prima della convalida 
05:06:2024 29:27:06 [34mDEBUG[0;39m [33mo.c.u.D.S.Impl.UserServiceImpl[0;39m - Dentro il saveUser prima della convalida 
05:06:2024 58:27:06 [34mDEBUG[0;39m [33mo.c.u.D.S.Impl.UserServiceImpl[0;39m - Dentro il saveUser prima della convalida 
